<?xml version="1.0" encoding="UTF-8"?>
<testng-results ignored="0" total="1" passed="1" failed="0" skipped="0">
  <reporter-output>
  </reporter-output>
  <suite started-at="2025-06-11T11:08:41 IST" name="Default suite" finished-at="2025-06-11T11:08:54 IST" duration-ms="12654">
    <groups>
    </groups>
    <test started-at="2025-06-11T11:08:41 IST" name="Default test" finished-at="2025-06-11T11:08:54 IST" duration-ms="12654">
      <class name="JenkinsDemoWithOutPlugins.JenkinsDemoWithOutPlugins.OpenGoogle">
        <test-method signature="googleTest()[pri:0, instance:JenkinsDemoWithOutPlugins.JenkinsDemoWithOutPlugins.OpenGoogle@515c6049]" started-at="2025-06-11T11:08:41 IST" name="googleTest" finished-at="2025-06-11T11:08:54 IST" duration-ms="12576" status="PASS">
          <reporter-output>
          </reporter-output>
        </test-method> <!-- googleTest -->
      </class> <!-- JenkinsDemoWithOutPlugins.JenkinsDemoWithOutPlugins.OpenGoogle -->
    </test> <!-- Default test -->
  </suite> <!-- Default suite -->
</testng-results>
